INFO:     Started server process [8876]
INFO:     Waiting for application startup.
INFO:     Application startup complete.
INFO:     Uvicorn running on http://127.0.0.1:8000 (Press CTRL+C to quit)
Transient error StatusCode.UNAVAILABLE encountered while exporting traces to localhost:4317, retrying in 1.17s.
Failed to export traces to localhost:4317, error code: StatusCode.UNAVAILABLE
Transient error StatusCode.UNAVAILABLE encountered while exporting traces to localhost:4317, retrying in 1.07s.
Failed to export traces to localhost:4317, error code: StatusCode.UNAVAILABLE
Transient error StatusCode.UNAVAILABLE encountered while exporting traces to localhost:4317, retrying in 1.01s.
Failed to export traces to localhost:4317, error code: StatusCode.UNAVAILABLE
Transient error StatusCode.UNAVAILABLE encountered while exporting traces to localhost:4317, retrying in 1.11s.
Failed to export traces to localhost:4317, error code: StatusCode.UNAVAILABLE
Transient error StatusCode.UNAVAILABLE encountered while exporting traces to localhost:4317, retrying in 1.02s.
Transient error StatusCode.UNAVAILABLE encountered while exporting traces to localhost:4317, retrying in 2.24s.
Failed to export traces to localhost:4317, error code: StatusCode.UNAVAILABLE
Transient error StatusCode.UNAVAILABLE encountered while exporting traces to localhost:4317, retrying in 0.91s.
Failed to export traces to localhost:4317, error code: StatusCode.UNAVAILABLE
Transient error StatusCode.UNAVAILABLE encountered while exporting traces to localhost:4317, retrying in 0.97s.
Transient error StatusCode.UNAVAILABLE encountered while exporting traces to localhost:4317, retrying in 2.05s.
Failed to export traces to localhost:4317, error code: StatusCode.UNAVAILABLE
Transient error StatusCode.UNAVAILABLE encountered while exporting traces to localhost:4317, retrying in 1.00s.
Failed to export traces to localhost:4317, error code: StatusCode.UNAVAILABLE
Transient error StatusCode.UNAVAILABLE encountered while exporting traces to localhost:4317, retrying in 1.20s.
Transient error StatusCode.UNAVAILABLE encountered while exporting traces to localhost:4317, retrying in 2.35s.
Failed to export traces to localhost:4317, error code: StatusCode.UNAVAILABLE
Transient error StatusCode.UNAVAILABLE encountered while exporting traces to localhost:4317, retrying in 1.07s.
Transient error StatusCode.UNAVAILABLE encountered while exporting traces to localhost:4317, retrying in 2.17s.
Failed to export traces to localhost:4317, error code: StatusCode.UNAVAILABLE
Transient error StatusCode.UNAVAILABLE encountered while exporting traces to localhost:4317, retrying in 1.16s.
Transient error StatusCode.UNAVAILABLE encountered while exporting traces to localhost:4317, retrying in 2.28s.
Failed to export traces to localhost:4317, error code: StatusCode.UNAVAILABLE
Transient error StatusCode.UNAVAILABLE encountered while exporting traces to localhost:4317, retrying in 1.20s.
Failed to export traces to localhost:4317, error code: StatusCode.UNAVAILABLE
Transient error StatusCode.UNAVAILABLE encountered while exporting traces to localhost:4317, retrying in 0.89s.
Failed to export traces to localhost:4317, error code: StatusCode.UNAVAILABLE
Transient error StatusCode.UNAVAILABLE encountered while exporting traces to localhost:4317, retrying in 1.10s.
Failed to export traces to localhost:4317, error code: StatusCode.UNAVAILABLE
Transient error StatusCode.UNAVAILABLE encountered while exporting traces to localhost:4317, retrying in 0.87s.
Failed to export traces to localhost:4317, error code: StatusCode.UNAVAILABLE
Transient error StatusCode.UNAVAILABLE encountered while exporting traces to localhost:4317, retrying in 1.15s.
ERROR:    Exception in ASGI application
Traceback (most recent call last):
  File "C:\Users\USUARIO\Downloads\CONTA_PRO_ENTERPRISE_MASTER\.venv\Lib\site-packages\uvicorn\protocols\http\httptools_impl.py", line 421, in run_asgi
    result = await app(  # type: ignore[func-returns-value]
             ^^^^^^^^^^^^^^^^^^^^^^^^^^^^^^^^^^^^^^^^^^^^^^
        self.scope, self.receive, self.send
        ^^^^^^^^^^^^^^^^^^^^^^^^^^^^^^^^^^^
    )
    ^
  File "C:\Users\USUARIO\Downloads\CONTA_PRO_ENTERPRISE_MASTER\.venv\Lib\site-packages\uvicorn\middleware\proxy_headers.py", line 56, in __call__
    return await self.app(scope, receive, send)
           ^^^^^^^^^^^^^^^^^^^^^^^^^^^^^^^^^^^^
  File "C:\Users\USUARIO\Downloads\CONTA_PRO_ENTERPRISE_MASTER\.venv\Lib\site-packages\fastapi\applications.py", line 1159, in __call__
    await super().__call__(scope, receive, send)
  File "C:\Users\USUARIO\Downloads\CONTA_PRO_ENTERPRISE_MASTER\.venv\Lib\site-packages\starlette\applications.py", line 90, in __call__
    await self.middleware_stack(scope, receive, send)
  File "C:\Users\USUARIO\Downloads\CONTA_PRO_ENTERPRISE_MASTER\.venv\Lib\site-packages\starlette\middleware\errors.py", line 186, in __call__
    raise exc
  File "C:\Users\USUARIO\Downloads\CONTA_PRO_ENTERPRISE_MASTER\.venv\Lib\site-packages\starlette\middleware\errors.py", line 164, in __call__
    await self.app(scope, receive, _send)
  File "C:\Users\USUARIO\Downloads\CONTA_PRO_ENTERPRISE_MASTER\.venv\Lib\site-packages\opentelemetry\instrumentation\asgi\__init__.py", line 817, in __call__
    await self.app(scope, otel_receive, otel_send)
  File "C:\Users\USUARIO\Downloads\CONTA_PRO_ENTERPRISE_MASTER\.venv\Lib\site-packages\starlette\middleware\errors.py", line 186, in __call__
    raise exc
  File "C:\Users\USUARIO\Downloads\CONTA_PRO_ENTERPRISE_MASTER\.venv\Lib\site-packages\starlette\middleware\errors.py", line 164, in __call__
    await self.app(scope, receive, _send)
  File "C:\Users\USUARIO\Downloads\CONTA_PRO_ENTERPRISE_MASTER\.venv\Lib\site-packages\opentelemetry\instrumentation\fastapi\__init__.py", line 307, in __call__
    await self.app(scope, receive, send)
  File "C:\Users\USUARIO\Downloads\CONTA_PRO_ENTERPRISE_MASTER\.venv\Lib\site-packages\starlette\middleware\cors.py", line 96, in __call__
    await self.simple_response(scope, receive, send, request_headers=headers)
  File "C:\Users\USUARIO\Downloads\CONTA_PRO_ENTERPRISE_MASTER\.venv\Lib\site-packages\starlette\middleware\cors.py", line 154, in simple_response
    await self.app(scope, receive, send)
  File "C:\Users\USUARIO\Downloads\CONTA_PRO_ENTERPRISE_MASTER\.venv\Lib\site-packages\starlette\middleware\exceptions.py", line 63, in __call__
    await wrap_app_handling_exceptions(self.app, conn)(scope, receive, send)
  File "C:\Users\USUARIO\Downloads\CONTA_PRO_ENTERPRISE_MASTER\.venv\Lib\site-packages\starlette\_exception_handler.py", line 53, in wrapped_app
    raise exc
  File "C:\Users\USUARIO\Downloads\CONTA_PRO_ENTERPRISE_MASTER\.venv\Lib\site-packages\starlette\_exception_handler.py", line 42, in wrapped_app
    await app(scope, receive, sender)
  File "C:\Users\USUARIO\Downloads\CONTA_PRO_ENTERPRISE_MASTER\.venv\Lib\site-packages\fastapi\middleware\asyncexitstack.py", line 18, in __call__
    await self.app(scope, receive, send)
  File "C:\Users\USUARIO\Downloads\CONTA_PRO_ENTERPRISE_MASTER\.venv\Lib\site-packages\starlette\routing.py", line 660, in __call__
    await self.middleware_stack(scope, receive, send)
  File "C:\Users\USUARIO\Downloads\CONTA_PRO_ENTERPRISE_MASTER\.venv\Lib\site-packages\starlette\routing.py", line 680, in app
    await route.handle(scope, receive, send)
  File "C:\Users\USUARIO\Downloads\CONTA_PRO_ENTERPRISE_MASTER\.venv\Lib\site-packages\starlette\routing.py", line 276, in handle
    await self.app(scope, receive, send)
  File "C:\Users\USUARIO\Downloads\CONTA_PRO_ENTERPRISE_MASTER\.venv\Lib\site-packages\fastapi\routing.py", line 134, in app
    await wrap_app_handling_exceptions(app, request)(scope, receive, send)
  File "C:\Users\USUARIO\Downloads\CONTA_PRO_ENTERPRISE_MASTER\.venv\Lib\site-packages\starlette\_exception_handler.py", line 53, in wrapped_app
    raise exc
  File "C:\Users\USUARIO\Downloads\CONTA_PRO_ENTERPRISE_MASTER\.venv\Lib\site-packages\starlette\_exception_handler.py", line 42, in wrapped_app
    await app(scope, receive, sender)
  File "C:\Users\USUARIO\Downloads\CONTA_PRO_ENTERPRISE_MASTER\.venv\Lib\site-packages\fastapi\routing.py", line 120, in app
    response = await f(request)
               ^^^^^^^^^^^^^^^^
  File "C:\Users\USUARIO\Downloads\CONTA_PRO_ENTERPRISE_MASTER\.venv\Lib\site-packages\fastapi\routing.py", line 674, in app
    raw_response = await run_endpoint_function(
                   ^^^^^^^^^^^^^^^^^^^^^^^^^^^^
    ...<3 lines>...
    )
    ^
  File "C:\Users\USUARIO\Downloads\CONTA_PRO_ENTERPRISE_MASTER\.venv\Lib\site-packages\fastapi\routing.py", line 328, in run_endpoint_function
    return await dependant.call(**values)
           ^^^^^^^^^^^^^^^^^^^^^^^^^^^^^^
  File "C:\Users\USUARIO\Downloads\CONTA_PRO_ENTERPRISE_MASTER\src\api\routes\hr.py", line 585, in analyze_contract
    rag_service = LegalRagService(
                  ^^^^^^^^^^^^^^^
NameError: name 'LegalRagService' is not defined
Failed to export traces to localhost:4317, error code: StatusCode.UNAVAILABLE
Transient error StatusCode.UNAVAILABLE encountered while exporting traces to localhost:4317, retrying in 1.09s.
Failed to export traces to localhost:4317, error code: StatusCode.UNAVAILABLE
Transient error StatusCode.UNAVAILABLE encountered while exporting traces to localhost:4317, retrying in 1.04s.
Transient error StatusCode.UNAVAILABLE encountered while exporting traces to localhost:4317, retrying in 2.10s.
Failed to export traces to localhost:4317, error code: StatusCode.UNAVAILABLE
Transient error StatusCode.UNAVAILABLE encountered while exporting traces to localhost:4317, retrying in 1.05s.
Failed to export traces to localhost:4317, error code: StatusCode.UNAVAILABLE
Transient error StatusCode.UNAVAILABLE encountered while exporting traces to localhost:4317, retrying in 1.03s.
Failed to export traces to localhost:4317, error code: StatusCode.UNAVAILABLE
Transient error StatusCode.UNAVAILABLE encountered while exporting traces to localhost:4317, retrying in 0.82s.
Transient error StatusCode.UNAVAILABLE encountered while exporting traces to localhost:4317, retrying in 1.88s.
Failed to export traces to localhost:4317, error code: StatusCode.UNAVAILABLE
Transient error StatusCode.UNAVAILABLE encountered while exporting traces to localhost:4317, retrying in 1.05s.
Failed to export traces to localhost:4317, error code: StatusCode.UNAVAILABLE
Transient error StatusCode.UNAVAILABLE encountered while exporting traces to localhost:4317, retrying in 1.04s.
Failed to export traces to localhost:4317, error code: StatusCode.UNAVAILABLE
Transient error StatusCode.UNAVAILABLE encountered while exporting traces to localhost:4317, retrying in 1.02s.
Failed to export traces to localhost:4317, error code: StatusCode.UNAVAILABLE
Transient error StatusCode.UNAVAILABLE encountered while exporting traces to localhost:4317, retrying in 1.07s.
Failed to export traces to localhost:4317, error code: StatusCode.UNAVAILABLE
Transient error StatusCode.UNAVAILABLE encountered while exporting traces to localhost:4317, retrying in 0.85s.
Failed to export traces to localhost:4317, error code: StatusCode.UNAVAILABLE
Transient error StatusCode.UNAVAILABLE encountered while exporting traces to localhost:4317, retrying in 1.18s.
Failed to export traces to localhost:4317, error code: StatusCode.UNAVAILABLE
Transient error StatusCode.UNAVAILABLE encountered while exporting traces to localhost:4317, retrying in 0.98s.
Failed to export traces to localhost:4317, error code: StatusCode.UNAVAILABLE
Transient error StatusCode.UNAVAILABLE encountered while exporting traces to localhost:4317, retrying in 0.84s.
Failed to export traces to localhost:4317, error code: StatusCode.UNAVAILABLE
Transient error StatusCode.UNAVAILABLE encountered while exporting traces to localhost:4317, retrying in 0.93s.
Failed to export traces to localhost:4317, error code: StatusCode.UNAVAILABLE
Transient error StatusCode.UNAVAILABLE encountered while exporting traces to localhost:4317, retrying in 1.13s.
Failed to export traces to localhost:4317, error code: StatusCode.UNAVAILABLE
Transient error StatusCode.UNAVAILABLE encountered while exporting traces to localhost:4317, retrying in 0.99s.
Failed to export traces to localhost:4317, error code: StatusCode.UNAVAILABLE
Transient error StatusCode.UNAVAILABLE encountered while exporting traces to localhost:4317, retrying in 1.12s.
Failed to export traces to localhost:4317, error code: StatusCode.UNAVAILABLE
Transient error StatusCode.UNAVAILABLE encountered while exporting traces to localhost:4317, retrying in 1.06s.
Transient error StatusCode.UNAVAILABLE encountered while exporting traces to localhost:4317, retrying in 2.07s.
Failed to export traces to localhost:4317, error code: StatusCode.UNAVAILABLE
Transient error StatusCode.UNAVAILABLE encountered while exporting traces to localhost:4317, retrying in 0.89s.
Failed to export traces to localhost:4317, error code: StatusCode.UNAVAILABLE
Transient error StatusCode.UNAVAILABLE encountered while exporting traces to localhost:4317, retrying in 1.00s.
Failed to export traces to localhost:4317, error code: StatusCode.UNAVAILABLE
Transient error StatusCode.UNAVAILABLE encountered while exporting traces to localhost:4317, retrying in 0.97s.
Failed to export traces to localhost:4317, error code: StatusCode.UNAVAILABLE
Transient error StatusCode.UNAVAILABLE encountered while exporting traces to localhost:4317, retrying in 0.92s.
Failed to export traces to localhost:4317, error code: StatusCode.UNAVAILABLE
