
> conta-pro-enterprise-frontend@1.1.0 dev
> vite --host 0.0.0.0 --port 5173


  [32m[1mVITE[22m v5.4.21[39m  [2mready in [0m[1m606[22m[2m[0m ms[22m

  [32m➜[39m  [1mLocal[22m:   [36mhttp://localhost:[1m5173[22m/[39m
  [32m➜[39m  [1mNetwork[22m: [36mhttp://192.168.1.5:[1m5173[22m/[39m
[2m7:26:20 a. m.[22m [36m[1m[vite][22m[39m [32mhmr update [39m[2m/src/features/payroll/PayrollGrid.tsx[22m
[2m7:27:01 a. m.[22m [36m[1m[vite][22m[39m [32mhmr update [39m[2m/src/features/payroll/PayrollGrid.tsx[22m
[2m7:27:26 a. m.[22m [36m[1m[vite][22m[39m [32mhmr update [39m[2m/src/features/payroll/PayrollGrid.tsx[22m
[2m7:29:48 a. m.[22m [36m[1m[vite][22m[39m [32mhmr update [39m[2m/src/features/payroll/PayrollGrid.tsx[22m
[2m7:29:56 a. m.[22m [36m[1m[vite][22m[39m [32mhmr update [39m[2m/src/features/payroll/PayrollGrid.tsx[22m
[2m7:30:49 a. m.[22m [36m[1m[vite][22m[39m [32mhmr update [39m[2m/src/features/payroll/PayrollGrid.tsx[22m
[2m7:42:30 a. m.[22m [36m[1m[vite][22m[39m [32mhmr update [39m[2m/src/features/payroll/PayrollGrid.tsx[22m
[2m7:43:01 a. m.[22m [36m[1m[vite][22m[39m [32mhmr update [39m[2m/src/features/payroll/PayrollGrid.tsx[22m
[2m8:03:35 a. m.[22m [36m[1m[vite][22m[39m [32mvite.config.ts changed, restarting server...[39m
[2m8:03:36 a. m.[22m [36m[1m[vite][22m[39m server restarted.
[2m9:46:31 a. m.[22m [36m[1m[vite][22m[39m [32mhmr update [39m[2m/src/features/payroll/PayrollGrid.tsx[22m
[2m9:46:56 a. m.[22m [36m[1m[vite][22m[39m [32mhmr update [39m[2m/src/features/payroll/PayrollGrid.tsx[22m
[2m9:47:07 a. m.[22m [36m[1m[vite][22m[39m [32mhmr update [39m[2m/src/features/payroll/PayrollGrid.tsx[22m
[2m10:03:10 a. m.[22m [36m[1m[vite][22m[39m [32mhmr update [39m[2m/src/features/payroll/PayrollGrid.tsx[22m
[2m10:03:21 a. m.[22m [36m[1m[vite][22m[39m [32mhmr update [39m[2m/src/features/payroll/PayrollGrid.tsx[22m
[2m10:03:30 a. m.[22m [36m[1m[vite][22m[39m [32mhmr update [39m[2m/src/features/payroll/PayrollGrid.tsx[22m
[2m10:13:48 a. m.[22m [36m[1m[vite][22m[39m [32mhmr update [39m[2m/src/features/payroll/PayrollGrid.tsx[22m
[2m10:13:57 a. m.[22m [36m[1m[vite][22m[39m [32mhmr update [39m[2m/src/features/payroll/PayrollGrid.tsx[22m
[2m10:18:20 a. m.[22m [36m[1m[vite][22m[39m [32mvite.config.ts changed, restarting server...[39m
[2m10:18:20 a. m.[22m [36m[1m[vite][22m[39m [32mhmr update [39m[2m/src/features/accounting/EnterpriseWorkspace.tsx[22m
[2m10:18:22 a. m.[22m [36m[1m[vite][22m[39m server restarted.
[2m10:23:45 a. m.[22m [36m[1m[vite][22m[39m [32mhmr update [39m[2m/src/features/accounting/EnterpriseWorkspace.tsx[22m
[2m10:23:51 a. m.[22m [36m[1m[vite][22m[39m [32mhmr update [39m[2m/src/features/payroll/PayrollGrid.tsx[22m
[2m10:26:35 a. m.[22m [36m[1m[vite][22m[39m [32mhmr update [39m[2m/src/features/payroll/PayrollGrid.tsx[22m
[2m10:26:35 a. m.[22m [36m[1m[vite][22m[39m [32mhmr update [39m[2m/src/features/accounting/EnterpriseWorkspace.tsx[22m
[2m10:37:05 a. m.[22m [36m[1m[vite][22m[39m [32mhmr update [39m[2m/src/features/accounting/EnterpriseWorkspace.tsx[22m
[2m10:37:05 a. m.[22m [36m[1m[vite][22m[39m [32mhmr update [39m[2m/src/features/payroll/PayrollGrid.tsx[22m
[2m10:37:18 a. m.[22m [36m[1m[vite][22m[39m [32mhmr update [39m[2m/src/features/payroll/PayrollGrid.tsx[22m
[2m10:38:00 a. m.[22m [36m[1m[vite][22m[39m [32mhmr update [39m[2m/src/features/payroll/PayrollGrid.tsx[22m
[2m12:23:31 p. m.[22m [36m[1m[vite][22m[39m [32mpage reload [39m[2m.venv/Lib/site-packages/setuptools/tests/indexes/test_links_priority/external.html[22m
[2m12:23:32 p. m.[22m [36m[1m[vite][22m[39m [32mpage reload [39m[2m.venv/Lib/site-packages/setuptools/tests/indexes/test_links_priority/simple/foobar/index.html[22m
[2m1:00:55 p. m.[22m [36m[1m[vite][22m[39m [32m.env changed, restarting server...[39m
[2m1:00:56 p. m.[22m [36m[1m[vite][22m[39m server restarted.
[2m2:19:02 p. m.[22m [36m[1m[vite][22m[39m [32mhmr update [39m[2m/src/features/payroll/PayrollGrid.tsx[22m
[2m2:19:09 p. m.[22m [36m[1m[vite][22m[39m [32mhmr update [39m[2m/src/features/payroll/PayrollGrid.tsx[22m
[2m2:19:18 p. m.[22m [36m[1m[vite][22m[39m [32mhmr update [39m[2m/src/features/payroll/PayrollGrid.tsx[22m
[2m2:19:53 p. m.[22m [36m[1m[vite][22m[39m [32mhmr update [39m[2m/src/features/payroll/PayrollGrid.tsx[22m
[2m3:05:23 p. m.[22m [36m[1m[vite][22m[39m [32mhmr update [39m[2m/src/features/accounting/EnterpriseWorkspace.tsx[22m
[2m3:05:23 p. m.[22m [36m[1m[vite][22m[39m [32mhmr update [39m[2m/src/features/accounting/EnterpriseWorkspace.tsx[22m
[2m7:40:00 p. m.[22m [36m[1m[vite][22m[39m [32mhmr update [39m[2m/src/features/accounting/PurchaseFormEnterprise.tsx[22m
[2m7:40:11 p. m.[22m [36m[1m[vite][22m[39m [32mhmr update [39m[2m/src/features/accounting/PurchaseFormEnterprise.tsx[22m
[2m7:40:53 p. m.[22m [36m[1m[vite][22m[39m [32mhmr update [39m[2m/src/features/accounting/PurchaseFormEnterprise.tsx[22m
[2m7:42:20 p. m.[22m [36m[1m[vite][22m[39m [32mhmr update [39m[2m/src/features/accounting/PurchaseFormEnterprise.tsx[22m
[2m7:42:20 p. m.[22m [36m[1m[vite][22m[39m [32mhmr update [39m[2m/src/features/accounting/PurchaseFormEnterprise.tsx[22m
[2m7:42:49 p. m.[22m [36m[1m[vite][22m[39m [32mhmr update [39m[2m/src/features/accounting/SaleFormEnterprise.tsx[22m
[2m7:42:57 p. m.[22m [36m[1m[vite][22m[39m [32mhmr update [39m[2m/src/features/accounting/SaleFormEnterprise.tsx[22m
[2m7:43:04 p. m.[22m [36m[1m[vite][22m[39m [32mhmr update [39m[2m/src/features/accounting/SaleFormEnterprise.tsx[22m
[2m7:43:09 p. m.[22m [36m[1m[vite][22m[39m [32mhmr update [39m[2m/src/features/accounting/SaleFormEnterprise.tsx[22m
[2m7:43:38 p. m.[22m [36m[1m[vite][22m[39m [32mhmr update [39m[2m/src/features/accounting/SaleFormEnterprise.tsx[22m
[2m7:43:49 p. m.[22m [36m[1m[vite][22m[39m [32mhmr update [39m[2m/src/features/accounting/SaleFormEnterprise.tsx[22m
[2m7:43:58 p. m.[22m [36m[1m[vite][22m[39m [32mhmr update [39m[2m/src/features/accounting/SaleFormEnterprise.tsx[22m
[2m8:05:17 p. m.[22m [36m[1m[vite][22m[39m [32mhmr update [39m[2m/src/features/accounting/PurchaseFormEnterprise.tsx[22m
[2m8:05:17 p. m.[22m [36m[1m[vite][22m[39m [32mhmr update [39m[2m/src/features/accounting/PurchaseFormEnterprise.tsx[22m
[2m8:10:17 p. m.[22m [36m[1m[vite][22m[39m [32mhmr update [39m[2m/frontend/src/styles.css[22m
[2m8:10:49 p. m.[22m [36m[1m[vite][22m[39m [32mhmr update [39m[2m/src/components/ui/SidePanel.tsx[22m
[2m8:10:49 p. m.[22m [36m[1m[vite][22m[39m [32mhmr update [39m[2m/frontend/src/styles.css[22m
[2m8:14:28 p. m.[22m [36m[1m[vite][22m[39m [32mhmr update [39m[2m/src/features/accounting/PurchaseFormEnterprise.tsx[22m
[2m8:14:28 p. m.[22m [36m[1m[vite][22m[39m [32mhmr update [39m[2m/src/features/accounting/PurchaseFormEnterprise.tsx[22m
[2m8:14:50 p. m.[22m [36m[1m[vite][22m[39m [32mhmr update [39m[2m/src/features/accounting/PurchaseFormEnterprise.tsx[22m
[2m8:14:50 p. m.[22m [36m[1m[vite][22m[39m [32mhmr update [39m[2m/src/features/accounting/PurchaseFormEnterprise.tsx[22m
[2m8:15:09 p. m.[22m [36m[1m[vite][22m[39m [32mhmr update [39m[2m/src/features/accounting/PurchaseFormEnterprise.tsx[22m
[2m8:15:41 p. m.[22m [36m[1m[vite][22m[39m [32mhmr update [39m[2m/src/features/accounting/PurchaseFormEnterprise.tsx[22m
[2m8:15:41 p. m.[22m [36m[1m[vite][22m[39m [32mhmr update [39m[2m/src/features/accounting/PurchaseFormEnterprise.tsx[22m
[2m8:15:42 p. m.[22m [36m[1m[vite][22m[39m [32mhmr update [39m[2m/src/features/accounting/PurchaseFormEnterprise.tsx[22m
[2m8:16:21 p. m.[22m [36m[1m[vite][22m[39m [32mhmr update [39m[2m/src/features/accounting/PurchaseFormEnterprise.tsx[22m
[2m8:16:29 p. m.[22m [36m[1m[vite][22m[39m [32mhmr update [39m[2m/src/features/accounting/PurchaseFormEnterprise.tsx[22m
[2m8:16:40 p. m.[22m [36m[1m[vite][22m[39m [32mhmr update [39m[2m/src/features/accounting/PurchaseFormEnterprise.tsx[22m
[2m8:17:20 p. m.[22m [36m[1m[vite][22m[39m [32mhmr update [39m[2m/src/features/accounting/EnterpriseWorkspace.tsx[22m
[2m8:17:33 p. m.[22m [36m[1m[vite][22m[39m [32mhmr update [39m[2m/src/features/accounting/EnterpriseWorkspace.tsx[22m
[2m8:17:37 p. m.[22m [36m[1m[vite][22m[39m [32mhmr update [39m[2m/src/features/accounting/EnterpriseWorkspace.tsx[22m
[2m8:24:34 p. m.[22m [36m[1m[vite][22m[39m [32mhmr update [39m[2m/src/features/accounting/PurchaseFormEnterprise.tsx[22m
[2m8:24:34 p. m.[22m [36m[1m[vite][22m[39m [32mhmr update [39m[2m/src/features/accounting/PurchaseFormEnterprise.tsx[22m
[2m11:37:58 p. m.[22m [36m[1m[vite][22m[39m [32mpage reload [39m[2m.venv/Lib/site-packages/setuptools/tests/indexes/test_links_priority/external.html[22m
[2m11:37:58 p. m.[22m [36m[1m[vite][22m[39m [32mpage reload [39m[2m.venv/Lib/site-packages/setuptools/tests/indexes/test_links_priority/simple/foobar/index.html[22m
[2m11:38:01 p. m.[22m [36m[1m[vite][22m[39m [32mpage reload [39m[2m.venv/Lib/site-packages/setuptools/tests/indexes/test_links_priority/external.html[22m
[2m11:38:06 p. m.[22m [36m[1m[vite][22m[39m [32mpage reload [39m[2m.venv/Lib/site-packages/setuptools/tests/indexes/test_links_priority/simple/foobar/index.html[22m
[2m11:40:18 p. m.[22m [36m[1m[vite][22m[39m [32mpage reload [39m[2m.venv/Lib/site-packages/torch/utils/model_dump/skeleton.html[22m
[2m1:08:05 a. m.[22m [36m[1m[vite][22m[39m [32mhmr update [39m[2m/src/features/accounting/EnterpriseWorkspace.tsx[22m
[2m1:45:51 a. m.[22m [36m[1m[vite][22m[39m [32mhmr update [39m[2m/src/features/accounting/EnterpriseWorkspace.tsx[22m
[2m1:45:51 a. m.[22m [36m[1m[vite][22m[39m [32mhmr update [39m[2m/src/features/accounting/EnterpriseWorkspace.tsx[22m
[2m1:53:49 a. m.[22m [36m[1m[vite][22m[39m [32mhmr update [39m[2m/src/features/accounting/PurchaseFormEnterprise.tsx[22m
[2m1:53:49 a. m.[22m [36m[1m[vite][22m[39m [32mhmr update [39m[2m/src/features/accounting/PurchaseFormEnterprise.tsx[22m
[2m1:53:49 a. m.[22m [36m[1m[vite][22m[39m [32mhmr update [39m[2m/src/features/accounting/PurchaseFormEnterprise.tsx[22m
[2m1:53:50 a. m.[22m [36m[1m[vite][22m[39m [32mhmr update [39m[2m/src/features/accounting/PurchaseFormEnterprise.tsx[22m
[2m1:53:50 a. m.[22m [36m[1m[vite][22m[39m [32mhmr update [39m[2m/src/features/accounting/PurchaseFormEnterprise.tsx[22m
[2m1:53:50 a. m.[22m [36m[1m[vite][22m[39m [32mhmr update [39m[2m/src/features/accounting/PurchaseFormEnterprise.tsx[22m
[2m1:53:50 a. m.[22m [36m[1m[vite][22m[39m [32mhmr update [39m[2m/src/features/accounting/PurchaseFormEnterprise.tsx[22m
